-------------------------------------------------------------------------------
Test set: io.github.thebusybiscuit.slimefun5.api.items.settings.TestIntRangeSetting
-------------------------------------------------------------------------------
Tests run: 1, Failures: 0, Errors: 1, Skipped: 0, Time elapsed: 0.111 s <<< FAILURE! -- in io.github.thebusybiscuit.slimefun5.api.items.settings.TestIntRangeSetting
io.github.thebusybiscuit.slimefun5.api.items.settings.TestIntRangeSetting -- Time elapsed: 0.111 s <<< ERROR!
java.lang.IllegalStateException: No jar file selected
	at be.seeseemelk.mockbukkit.plugin.MockBukkitConfiguredPluginClassLoader.findClass(MockBukkitConfiguredPluginClassLoader.java:84)
	at java.base/java.lang.ClassLoader.loadClass(ClassLoader.java:557)
	at be.seeseemelk.mockbukkit.plugin.MockBukkitConfiguredPluginClassLoader.loadClass(MockBukkitConfiguredPluginClassLoader.java:64)
	at java.base/java.lang.ClassLoader.loadClass(ClassLoader.java:490)
	at net.bytebuddy.dynamic.loading.ClassInjector$UsingReflection$Dispatcher$Initializable$Unavailable.findClass(ClassInjector.java:509)
	at net.bytebuddy.dynamic.loading.ClassInjector$UsingReflection.injectRaw(ClassInjector.java:287)
	at net.bytebuddy.dynamic.loading.ClassInjector$AbstractBase.injectRaw(ClassInjector.java:166)
	at net.bytebuddy.dynamic.loading.ClassInjector$AbstractBase.inject(ClassInjector.java:154)
	at net.bytebuddy.dynamic.loading.ClassLoadingStrategy$Default$InjectionDispatcher.load(ClassLoadingStrategy.java:241)
	at net.bytebuddy.dynamic.loading.ClassLoadingStrategy$Default.load(ClassLoadingStrategy.java:148)
	at net.bytebuddy.dynamic.TypeResolutionStrategy$Passive.initialize(TypeResolutionStrategy.java:101)
	at net.bytebuddy.dynamic.DynamicType$Default$Unloaded.load(DynamicType.java:6424)
	at be.seeseemelk.mockbukkit.plugin.MockBukkitConfiguredPluginClassLoader.loadProxyClass(MockBukkitConfiguredPluginClassLoader.java:103)
	at be.seeseemelk.mockbukkit.plugin.PluginManagerMock.loadPlugin(PluginManagerMock.java:392)
	at be.seeseemelk.mockbukkit.plugin.PluginManagerMock.loadPlugin(PluginManagerMock.java:457)
	at be.seeseemelk.mockbukkit.MockBukkit.load(MockBukkit.java:187)
	at be.seeseemelk.mockbukkit.MockBukkit.load(MockBukkit.java:172)
	at io.github.thebusybiscuit.slimefun5.api.items.settings.TestIntRangeSetting.load(TestIntRangeSetting.java:26)
	at java.base/java.lang.reflect.Method.invoke(Method.java:565)
	at java.base/java.util.ArrayList.forEach(ArrayList.java:1604)


