-------------------------------------------------------------------------------
Test set: io.github.thebusybiscuit.slimefun5.utils.TestWikiResource
-------------------------------------------------------------------------------
Tests run: 1, Failures: 0, Errors: 1, Skipped: 0, Time elapsed: 0.006 s <<< FAILURE! -- in io.github.thebusybiscuit.slimefun5.utils.TestWikiResource
io.github.thebusybiscuit.slimefun5.utils.TestWikiResource.testWikiJson -- Time elapsed: 0.005 s <<< ERROR!
java.lang.IllegalStateException: Cannot invoke static method, Slimefun instance is null.
	at io.github.thebusybiscuit.slimefun5.implementation.Slimefun.validateInstance(Slimefun.java:732)
	at io.github.thebusybiscuit.slimefun5.implementation.Slimefun.getMinecraftVersion(Slimefun.java:991)
	at io.github.thebusybiscuit.slimefun5.utils.JsonUtils.parseString(JsonUtils.java:35)
	at io.github.thebusybiscuit.slimefun5.utils.TestWikiResource.testWikiJson(TestWikiResource.java:26)
	at java.base/java.lang.reflect.Method.invoke(Method.java:565)
	at java.base/java.util.ArrayList.forEach(ArrayList.java:1604)
	at java.base/java.util.ArrayList.forEach(ArrayList.java:1604)


