-------------------------------------------------------------------------------
Test set: io.github.thebusybiscuit.slimefun5.core.debug.TestDebugLogging
-------------------------------------------------------------------------------
Tests run: 6, Failures: 0, Errors: 6, Skipped: 0, Time elapsed: 0.349 s <<< FAILURE! -- in io.github.thebusybiscuit.slimefun5.core.debug.TestDebugLogging
io.github.thebusybiscuit.slimefun5.core.debug.TestDebugLogging.testMessageWithParams -- Time elapsed: 0.170 s <<< ERROR!
java.lang.IllegalStateException: No jar file selected
	at be.seeseemelk.mockbukkit.plugin.MockBukkitConfiguredPluginClassLoader.findClass(MockBukkitConfiguredPluginClassLoader.java:84)
	at java.base/java.lang.ClassLoader.loadClass(ClassLoader.java:557)
	at be.seeseemelk.mockbukkit.plugin.MockBukkitConfiguredPluginClassLoader.loadClass(MockBukkitConfiguredPluginClassLoader.java:64)
	at java.base/java.lang.ClassLoader.loadClass(ClassLoader.java:490)
	at net.bytebuddy.dynamic.loading.ClassInjector$UsingReflection$Dispatcher$Initializable$Unavailable.findClass(ClassInjector.java:509)
	at net.bytebuddy.dynamic.loading.ClassInjector$UsingReflection.injectRaw(ClassInjector.java:287)
	at net.bytebuddy.dynamic.loading.ClassInjector$AbstractBase.injectRaw(ClassInjector.java:166)
	at net.bytebuddy.dynamic.loading.ClassInjector$AbstractBase.inject(ClassInjector.java:154)
	at net.bytebuddy.dynamic.loading.ClassLoadingStrategy$Default$InjectionDispatcher.load(ClassLoadingStrategy.java:241)
	at net.bytebuddy.dynamic.loading.ClassLoadingStrategy$Default.load(ClassLoadingStrategy.java:148)
	at net.bytebuddy.dynamic.TypeResolutionStrategy$Passive.initialize(TypeResolutionStrategy.java:101)
	at net.bytebuddy.dynamic.DynamicType$Default$Unloaded.load(DynamicType.java:6424)
	at be.seeseemelk.mockbukkit.plugin.MockBukkitConfiguredPluginClassLoader.loadProxyClass(MockBukkitConfiguredPluginClassLoader.java:103)
	at be.seeseemelk.mockbukkit.plugin.PluginManagerMock.loadPlugin(PluginManagerMock.java:392)
	at be.seeseemelk.mockbukkit.plugin.PluginManagerMock.loadPlugin(PluginManagerMock.java:457)
	at be.seeseemelk.mockbukkit.MockBukkit.load(MockBukkit.java:187)
	at be.seeseemelk.mockbukkit.MockBukkit.load(MockBukkit.java:172)
	at io.github.thebusybiscuit.slimefun5.core.debug.TestDebugLogging.load(TestDebugLogging.java:27)
	at java.base/java.lang.reflect.Method.invoke(Method.java:565)
	at java.base/java.util.ArrayList.forEach(ArrayList.java:1604)
	at java.base/java.util.ArrayList.forEach(ArrayList.java:1604)

io.github.thebusybiscuit.slimefun5.core.debug.TestDebugLogging.testLoggingNoTestCase -- Time elapsed: 0.046 s <<< ERROR!
java.lang.IllegalStateException: No jar file selected
	at be.seeseemelk.mockbukkit.plugin.MockBukkitConfiguredPluginClassLoader.findClass(MockBukkitConfiguredPluginClassLoader.java:84)
	at java.base/java.lang.ClassLoader.loadClass(ClassLoader.java:557)
	at be.seeseemelk.mockbukkit.plugin.MockBukkitConfiguredPluginClassLoader.loadClass(MockBukkitConfiguredPluginClassLoader.java:64)
	at java.base/java.lang.ClassLoader.loadClass(ClassLoader.java:490)
	at net.bytebuddy.dynamic.loading.ClassInjector$UsingReflection$Dispatcher$Initializable$Unavailable.findClass(ClassInjector.java:509)
	at net.bytebuddy.dynamic.loading.ClassInjector$UsingReflection.injectRaw(ClassInjector.java:287)
	at net.bytebuddy.dynamic.loading.ClassInjector$AbstractBase.injectRaw(ClassInjector.java:166)
	at net.bytebuddy.dynamic.loading.ClassInjector$AbstractBase.inject(ClassInjector.java:154)
	at net.bytebuddy.dynamic.loading.ClassLoadingStrategy$Default$InjectionDispatcher.load(ClassLoadingStrategy.java:241)
	at net.bytebuddy.dynamic.loading.ClassLoadingStrategy$Default.load(ClassLoadingStrategy.java:148)
	at net.bytebuddy.dynamic.TypeResolutionStrategy$Passive.initialize(TypeResolutionStrategy.java:101)
	at net.bytebuddy.dynamic.DynamicType$Default$Unloaded.load(DynamicType.java:6424)
	at be.seeseemelk.mockbukkit.plugin.MockBukkitConfiguredPluginClassLoader.loadProxyClass(MockBukkitConfiguredPluginClassLoader.java:103)
	at be.seeseemelk.mockbukkit.plugin.PluginManagerMock.loadPlugin(PluginManagerMock.java:392)
	at be.seeseemelk.mockbukkit.plugin.PluginManagerMock.loadPlugin(PluginManagerMock.java:457)
	at be.seeseemelk.mockbukkit.MockBukkit.load(MockBukkit.java:187)
	at be.seeseemelk.mockbukkit.MockBukkit.load(MockBukkit.java:172)
	at io.github.thebusybiscuit.slimefun5.core.debug.TestDebugLogging.load(TestDebugLogging.java:27)
	at java.base/java.lang.reflect.Method.invoke(Method.java:565)
	at java.base/java.util.ArrayList.forEach(ArrayList.java:1604)
	at java.base/java.util.ArrayList.forEach(ArrayList.java:1604)

io.github.thebusybiscuit.slimefun5.core.debug.TestDebugLogging.testLoggingWithDifferentTestCase -- Time elapsed: 0.033 s <<< ERROR!
java.lang.IllegalStateException: No jar file selected
	at be.seeseemelk.mockbukkit.plugin.MockBukkitConfiguredPluginClassLoader.findClass(MockBukkitConfiguredPluginClassLoader.java:84)
	at java.base/java.lang.ClassLoader.loadClass(ClassLoader.java:557)
	at be.seeseemelk.mockbukkit.plugin.MockBukkitConfiguredPluginClassLoader.loadClass(MockBukkitConfiguredPluginClassLoader.java:64)
	at java.base/java.lang.ClassLoader.loadClass(ClassLoader.java:490)
	at net.bytebuddy.dynamic.loading.ClassInjector$UsingReflection$Dispatcher$Initializable$Unavailable.findClass(ClassInjector.java:509)
	at net.bytebuddy.dynamic.loading.ClassInjector$UsingReflection.injectRaw(ClassInjector.java:287)
	at net.bytebuddy.dynamic.loading.ClassInjector$AbstractBase.injectRaw(ClassInjector.java:166)
	at net.bytebuddy.dynamic.loading.ClassInjector$AbstractBase.inject(ClassInjector.java:154)
	at net.bytebuddy.dynamic.loading.ClassLoadingStrategy$Default$InjectionDispatcher.load(ClassLoadingStrategy.java:241)
	at net.bytebuddy.dynamic.loading.ClassLoadingStrategy$Default.load(ClassLoadingStrategy.java:148)
	at net.bytebuddy.dynamic.TypeResolutionStrategy$Passive.initialize(TypeResolutionStrategy.java:101)
	at net.bytebuddy.dynamic.DynamicType$Default$Unloaded.load(DynamicType.java:6424)
	at be.seeseemelk.mockbukkit.plugin.MockBukkitConfiguredPluginClassLoader.loadProxyClass(MockBukkitConfiguredPluginClassLoader.java:103)
	at be.seeseemelk.mockbukkit.plugin.PluginManagerMock.loadPlugin(PluginManagerMock.java:392)
	at be.seeseemelk.mockbukkit.plugin.PluginManagerMock.loadPlugin(PluginManagerMock.java:457)
	at be.seeseemelk.mockbukkit.MockBukkit.load(MockBukkit.java:187)
	at be.seeseemelk.mockbukkit.MockBukkit.load(MockBukkit.java:172)
	at io.github.thebusybiscuit.slimefun5.core.debug.TestDebugLogging.load(TestDebugLogging.java:27)
	at java.base/java.lang.reflect.Method.invoke(Method.java:565)
	at java.base/java.util.ArrayList.forEach(ArrayList.java:1604)
	at java.base/java.util.ArrayList.forEach(ArrayList.java:1604)

io.github.thebusybiscuit.slimefun5.core.debug.TestDebugLogging.testMessageWithSingleParam -- Time elapsed: 0.023 s <<< ERROR!
java.lang.IllegalStateException: No jar file selected
	at be.seeseemelk.mockbukkit.plugin.MockBukkitConfiguredPluginClassLoader.findClass(MockBukkitConfiguredPluginClassLoader.java:84)
	at java.base/java.lang.ClassLoader.loadClass(ClassLoader.java:557)
	at be.seeseemelk.mockbukkit.plugin.MockBukkitConfiguredPluginClassLoader.loadClass(MockBukkitConfiguredPluginClassLoader.java:64)
	at java.base/java.lang.ClassLoader.loadClass(ClassLoader.java:490)
	at net.bytebuddy.dynamic.loading.ClassInjector$UsingReflection$Dispatcher$Initializable$Unavailable.findClass(ClassInjector.java:509)
	at net.bytebuddy.dynamic.loading.ClassInjector$UsingReflection.injectRaw(ClassInjector.java:287)
	at net.bytebuddy.dynamic.loading.ClassInjector$AbstractBase.injectRaw(ClassInjector.java:166)
	at net.bytebuddy.dynamic.loading.ClassInjector$AbstractBase.inject(ClassInjector.java:154)
	at net.bytebuddy.dynamic.loading.ClassLoadingStrategy$Default$InjectionDispatcher.load(ClassLoadingStrategy.java:241)
	at net.bytebuddy.dynamic.loading.ClassLoadingStrategy$Default.load(ClassLoadingStrategy.java:148)
	at net.bytebuddy.dynamic.TypeResolutionStrategy$Passive.initialize(TypeResolutionStrategy.java:101)
	at net.bytebuddy.dynamic.DynamicType$Default$Unloaded.load(DynamicType.java:6424)
	at be.seeseemelk.mockbukkit.plugin.MockBukkitConfiguredPluginClassLoader.loadProxyClass(MockBukkitConfiguredPluginClassLoader.java:103)
	at be.seeseemelk.mockbukkit.plugin.PluginManagerMock.loadPlugin(PluginManagerMock.java:392)
	at be.seeseemelk.mockbukkit.plugin.PluginManagerMock.loadPlugin(PluginManagerMock.java:457)
	at be.seeseemelk.mockbukkit.MockBukkit.load(MockBukkit.java:187)
	at be.seeseemelk.mockbukkit.MockBukkit.load(MockBukkit.java:172)
	at io.github.thebusybiscuit.slimefun5.core.debug.TestDebugLogging.load(TestDebugLogging.java:27)
	at java.base/java.lang.reflect.Method.invoke(Method.java:565)
	at java.base/java.util.ArrayList.forEach(ArrayList.java:1604)
	at java.base/java.util.ArrayList.forEach(ArrayList.java:1604)

io.github.thebusybiscuit.slimefun5.core.debug.TestDebugLogging.testMessage -- Time elapsed: 0.024 s <<< ERROR!
java.lang.IllegalStateException: No jar file selected
	at be.seeseemelk.mockbukkit.plugin.MockBukkitConfiguredPluginClassLoader.findClass(MockBukkitConfiguredPluginClassLoader.java:84)
	at java.base/java.lang.ClassLoader.loadClass(ClassLoader.java:557)
	at be.seeseemelk.mockbukkit.plugin.MockBukkitConfiguredPluginClassLoader.loadClass(MockBukkitConfiguredPluginClassLoader.java:64)
	at java.base/java.lang.ClassLoader.loadClass(ClassLoader.java:490)
	at net.bytebuddy.dynamic.loading.ClassInjector$UsingReflection$Dispatcher$Initializable$Unavailable.findClass(ClassInjector.java:509)
	at net.bytebuddy.dynamic.loading.ClassInjector$UsingReflection.injectRaw(ClassInjector.java:287)
	at net.bytebuddy.dynamic.loading.ClassInjector$AbstractBase.injectRaw(ClassInjector.java:166)
	at net.bytebuddy.dynamic.loading.ClassInjector$AbstractBase.inject(ClassInjector.java:154)
	at net.bytebuddy.dynamic.loading.ClassLoadingStrategy$Default$InjectionDispatcher.load(ClassLoadingStrategy.java:241)
	at net.bytebuddy.dynamic.loading.ClassLoadingStrategy$Default.load(ClassLoadingStrategy.java:148)
	at net.bytebuddy.dynamic.TypeResolutionStrategy$Passive.initialize(TypeResolutionStrategy.java:101)
	at net.bytebuddy.dynamic.DynamicType$Default$Unloaded.load(DynamicType.java:6424)
	at be.seeseemelk.mockbukkit.plugin.MockBukkitConfiguredPluginClassLoader.loadProxyClass(MockBukkitConfiguredPluginClassLoader.java:103)
	at be.seeseemelk.mockbukkit.plugin.PluginManagerMock.loadPlugin(PluginManagerMock.java:392)
	at be.seeseemelk.mockbukkit.plugin.PluginManagerMock.loadPlugin(PluginManagerMock.java:457)
	at be.seeseemelk.mockbukkit.MockBukkit.load(MockBukkit.java:187)
	at be.seeseemelk.mockbukkit.MockBukkit.load(MockBukkit.java:172)
	at io.github.thebusybiscuit.slimefun5.core.debug.TestDebugLogging.load(TestDebugLogging.java:27)
	at java.base/java.lang.reflect.Method.invoke(Method.java:565)
	at java.base/java.util.ArrayList.forEach(ArrayList.java:1604)
	at java.base/java.util.ArrayList.forEach(ArrayList.java:1604)

io.github.thebusybiscuit.slimefun5.core.debug.TestDebugLogging.testMessageAwkwardPattern -- Time elapsed: 0.022 s <<< ERROR!
java.lang.IllegalStateException: No jar file selected
	at be.seeseemelk.mockbukkit.plugin.MockBukkitConfiguredPluginClassLoader.findClass(MockBukkitConfiguredPluginClassLoader.java:84)
	at java.base/java.lang.ClassLoader.loadClass(ClassLoader.java:557)
	at be.seeseemelk.mockbukkit.plugin.MockBukkitConfiguredPluginClassLoader.loadClass(MockBukkitConfiguredPluginClassLoader.java:64)
	at java.base/java.lang.ClassLoader.loadClass(ClassLoader.java:490)
	at net.bytebuddy.dynamic.loading.ClassInjector$UsingReflection$Dispatcher$Initializable$Unavailable.findClass(ClassInjector.java:509)
	at net.bytebuddy.dynamic.loading.ClassInjector$UsingReflection.injectRaw(ClassInjector.java:287)
	at net.bytebuddy.dynamic.loading.ClassInjector$AbstractBase.injectRaw(ClassInjector.java:166)
	at net.bytebuddy.dynamic.loading.ClassInjector$AbstractBase.inject(ClassInjector.java:154)
	at net.bytebuddy.dynamic.loading.ClassLoadingStrategy$Default$InjectionDispatcher.load(ClassLoadingStrategy.java:241)
	at net.bytebuddy.dynamic.loading.ClassLoadingStrategy$Default.load(ClassLoadingStrategy.java:148)
	at net.bytebuddy.dynamic.TypeResolutionStrategy$Passive.initialize(TypeResolutionStrategy.java:101)
	at net.bytebuddy.dynamic.DynamicType$Default$Unloaded.load(DynamicType.java:6424)
	at be.seeseemelk.mockbukkit.plugin.MockBukkitConfiguredPluginClassLoader.loadProxyClass(MockBukkitConfiguredPluginClassLoader.java:103)
	at be.seeseemelk.mockbukkit.plugin.PluginManagerMock.loadPlugin(PluginManagerMock.java:392)
	at be.seeseemelk.mockbukkit.plugin.PluginManagerMock.loadPlugin(PluginManagerMock.java:457)
	at be.seeseemelk.mockbukkit.MockBukkit.load(MockBukkit.java:187)
	at be.seeseemelk.mockbukkit.MockBukkit.load(MockBukkit.java:172)
	at io.github.thebusybiscuit.slimefun5.core.debug.TestDebugLogging.load(TestDebugLogging.java:27)
	at java.base/java.lang.reflect.Method.invoke(Method.java:565)
	at java.base/java.util.ArrayList.forEach(ArrayList.java:1604)
	at java.base/java.util.ArrayList.forEach(ArrayList.java:1604)


