<?xml version="1.0" encoding="UTF-8"?>
<testsuite xmlns:xsi="http://www.w3.org/2001/XMLSchema-instance" xsi:noNamespaceSchemaLocation="https://maven.apache.org/surefire/maven-surefire-plugin/xsd/surefire-test-report.xsd" version="3.0.2" name="io.github.thebusybiscuit.slimefun5.core.researching.TestProfileResearches" time="0.025" tests="1" errors="1" skipped="0" failures="0">
  <properties>
[...]
</properties>
  <testcase name="" classname="io.github.thebusybiscuit.slimefun5.core.researching.TestProfileResearches" time="0.025">
    <error message="No jar file selected" type="java.lang.IllegalStateException"><![CDATA[java.lang.IllegalStateException: No jar file selected
	at be.seeseemelk.mockbukkit.plugin.MockBukkitConfiguredPluginClassLoader.findClass(MockBukkitConfiguredPluginClassLoader.java:84)
	at java.base/java.lang.ClassLoader.loadClass(ClassLoader.java:557)
	at be.seeseemelk.mockbukkit.plugin.MockBukkitConfiguredPluginClassLoader.loadClass(MockBukkitConfiguredPluginClassLoader.java:64)
	at java.base/java.lang.ClassLoader.loadClass(ClassLoader.java:490)
	at net.bytebuddy.dynamic.loading.ClassInjector$UsingReflection$Dispatcher$Initializable$Unavailable.findClass(ClassInjector.java:509)
	at net.bytebuddy.dynamic.loading.ClassInjector$UsingReflection.injectRaw(ClassInjector.java:287)
	at net.bytebuddy.dynamic.loading.ClassInjector$AbstractBase.injectRaw(ClassInjector.java:166)
	at net.bytebuddy.dynamic.loading.ClassInjector$AbstractBase.inject(ClassInjector.java:154)
	at net.bytebuddy.dynamic.loading.ClassLoadingStrategy$Default$InjectionDispatcher.load(ClassLoadingStrategy.java:241)
	at net.bytebuddy.dynamic.loading.ClassLoadingStrategy$Default.load(ClassLoadingStrategy.java:148)
	at net.bytebuddy.dynamic.TypeResolutionStrategy$Passive.initialize(TypeResolutionStrategy.java:101)
	at net.bytebuddy.dynamic.DynamicType$Default$Unloaded.load(DynamicType.java:6424)
	at be.seeseemelk.mockbukkit.plugin.MockBukkitConfiguredPluginClassLoader.loadProxyClass(MockBukkitConfiguredPluginClassLoader.java:103)
	at be.seeseemelk.mockbukkit.plugin.PluginManagerMock.loadPlugin(PluginManagerMock.java:392)
	at be.seeseemelk.mockbukkit.plugin.PluginManagerMock.loadPlugin(PluginManagerMock.java:457)
	at be.seeseemelk.mockbukkit.MockBukkit.load(MockBukkit.java:187)
	at be.seeseemelk.mockbukkit.MockBukkit.load(MockBukkit.java:172)
	at io.github.thebusybiscuit.slimefun5.core.researching.TestProfileResearches.load(TestProfileResearches.java:29)
	at java.base/java.lang.reflect.Method.invoke(Method.java:565)
	at java.base/java.util.ArrayList.forEach(ArrayList.java:1604)
]]></error>
  </testcase>
</testsuite>
